[1.055s] Invoking command in '/home/lenovo/ros2_ws/src/usb_camera_publisher': PYTHONPATH=/home/lenovo/ros2_ws/build/usb_camera_publisher/prefix_override:/usr/lib/python3/dist-packages/colcon_core/task/python/colcon_distutils_commands:/home/lenovo/ros2_ws/install/usb_camera_publisher/lib/python3.10/site-packages:${PYTHONPATH} /usr/bin/python3 -W ignore:setup.py install is deprecated -W ignore:easy_install command is deprecated setup.py egg_info --egg-base ../../build/usb_camera_publisher build --build-base /home/lenovo/ros2_ws/build/usb_camera_publisher/build install --record /home/lenovo/ros2_ws/build/usb_camera_publisher/install.log --single-version-externally-managed
[1.399s] running egg_info
[1.400s] writing ../../build/usb_camera_publisher/usb_camera_publisher.egg-info/PKG-INFO
[1.400s] writing dependency_links to ../../build/usb_camera_publisher/usb_camera_publisher.egg-info/dependency_links.txt
[1.400s] writing entry points to ../../build/usb_camera_publisher/usb_camera_publisher.egg-info/entry_points.txt
[1.401s] writing requirements to ../../build/usb_camera_publisher/usb_camera_publisher.egg-info/requires.txt
[1.401s] writing top-level names to ../../build/usb_camera_publisher/usb_camera_publisher.egg-info/top_level.txt
[1.404s] reading manifest file '../../build/usb_camera_publisher/usb_camera_publisher.egg-info/SOURCES.txt'
[1.405s] writing manifest file '../../build/usb_camera_publisher/usb_camera_publisher.egg-info/SOURCES.txt'
[1.405s] running build
[1.405s] running build_py
[1.405s] copying usb_camera_publisher/detector_objetos.py -> /home/lenovo/ros2_ws/build/usb_camera_publisher/build/lib/usb_camera_publisher
[1.405s] running install
[1.406s] running install_lib
[1.408s] copying /home/lenovo/ros2_ws/build/usb_camera_publisher/build/lib/usb_camera_publisher/detector_objetos.py -> /home/lenovo/ros2_ws/install/usb_camera_publisher/lib/python3.10/site-packages/usb_camera_publisher
[1.409s] byte-compiling /home/lenovo/ros2_ws/install/usb_camera_publisher/lib/python3.10/site-packages/usb_camera_publisher/detector_objetos.py to detector_objetos.cpython-310.pyc
[1.410s] running install_egg_info
[1.412s] removing '/home/lenovo/ros2_ws/install/usb_camera_publisher/lib/python3.10/site-packages/usb_camera_publisher-0.0.1-py3.10.egg-info' (and everything under it)
[1.413s] Copying ../../build/usb_camera_publisher/usb_camera_publisher.egg-info to /home/lenovo/ros2_ws/install/usb_camera_publisher/lib/python3.10/site-packages/usb_camera_publisher-0.0.1-py3.10.egg-info
[1.414s] running install_scripts
[1.446s] Installing detector_objetos script to /home/lenovo/ros2_ws/install/usb_camera_publisher/lib/usb_camera_publisher
[1.446s] Installing usb_camera_node script to /home/lenovo/ros2_ws/install/usb_camera_publisher/lib/usb_camera_publisher
[1.446s] writing list of installed files to '/home/lenovo/ros2_ws/build/usb_camera_publisher/install.log'
[1.491s] Invoked command in '/home/lenovo/ros2_ws/src/usb_camera_publisher' returned '0': PYTHONPATH=/home/lenovo/ros2_ws/build/usb_camera_publisher/prefix_override:/usr/lib/python3/dist-packages/colcon_core/task/python/colcon_distutils_commands:/home/lenovo/ros2_ws/install/usb_camera_publisher/lib/python3.10/site-packages:${PYTHONPATH} /usr/bin/python3 -W ignore:setup.py install is deprecated -W ignore:easy_install command is deprecated setup.py egg_info --egg-base ../../build/usb_camera_publisher build --build-base /home/lenovo/ros2_ws/build/usb_camera_publisher/build install --record /home/lenovo/ros2_ws/build/usb_camera_publisher/install.log --single-version-externally-managed
