running egg_info
writing ../../build/usb_camera_publisher/usb_camera_publisher.egg-info/PKG-INFO
writing dependency_links to ../../build/usb_camera_publisher/usb_camera_publisher.egg-info/dependency_links.txt
writing entry points to ../../build/usb_camera_publisher/usb_camera_publisher.egg-info/entry_points.txt
writing requirements to ../../build/usb_camera_publisher/usb_camera_publisher.egg-info/requires.txt
writing top-level names to ../../build/usb_camera_publisher/usb_camera_publisher.egg-info/top_level.txt
reading manifest file '../../build/usb_camera_publisher/usb_camera_publisher.egg-info/SOURCES.txt'
writing manifest file '../../build/usb_camera_publisher/usb_camera_publisher.egg-info/SOURCES.txt'
running build
running build_py
running install
running install_lib
running install_egg_info
removing '/home/lenovo/ros2_ws/install/usb_camera_publisher/lib/python3.10/site-packages/usb_camera_publisher-0.0.1-py3.10.egg-info' (and everything under it)
Copying ../../build/usb_camera_publisher/usb_camera_publisher.egg-info to /home/lenovo/ros2_ws/install/usb_camera_publisher/lib/python3.10/site-packages/usb_camera_publisher-0.0.1-py3.10.egg-info
running install_scripts
Installing camera_front_node script to /home/lenovo/ros2_ws/install/usb_camera_publisher/lib/usb_camera_publisher
Installing camera_rear_node script to /home/lenovo/ros2_ws/install/usb_camera_publisher/lib/usb_camera_publisher
Installing detector_objetos script to /home/lenovo/ros2_ws/install/usb_camera_publisher/lib/usb_camera_publisher
Installing usb_camera_node script to /home/lenovo/ros2_ws/install/usb_camera_publisher/lib/usb_camera_publisher
writing list of installed files to '/home/lenovo/ros2_ws/build/usb_camera_publisher/install.log'
