[0.000000] (-) TimerEvent: {}
[0.000326] (usb_camera_publisher) JobQueued: {'identifier': 'usb_camera_publisher', 'dependencies': OrderedDict()}
[0.000671] (usb_camera_publisher) JobStarted: {'identifier': 'usb_camera_publisher'}
[0.099777] (-) TimerEvent: {}
[0.200104] (-) TimerEvent: {}
[0.300343] (-) TimerEvent: {}
[0.302559] (usb_camera_publisher) Command: {'cmd': ['/usr/bin/python3', '-W', 'ignore:setup.py install is deprecated', '-W', 'ignore:easy_install command is deprecated', 'setup.py', 'egg_info', '--egg-base', '../../build/usb_camera_publisher', 'build', '--build-base', '/home/danijaime17/ros2_ws/build/usb_camera_publisher/build', 'install', '--record', '/home/danijaime17/ros2_ws/build/usb_camera_publisher/install.log', '--single-version-externally-managed'], 'cwd': '/home/danijaime17/ros2_ws/src/usb_camera_publisher', 'env': {'USER': 'danijaime17', 'SHLVL': '1', 'HOME': '/home/danijaime17', 'OLDPWD': '/home/danijaime17', 'DBUS_SESSION_BUS_ADDRESS': 'unix:path=/run/user/1000/bus', 'WSL_DISTRO_NAME': 'Ubuntu-22.04', 'WAYLAND_DISPLAY': 'wayland-0', 'LOGNAME': 'danijaime17', 'NAME': 'MSI', 'WSL_INTEROP': '/run/WSL/121092_interop', 'PULSE_SERVER': 'unix:/mnt/wslg/PulseServer', '_': '/usr/bin/colcon', 'TERM': 'xterm-256color', 'PATH': '/usr/local/sbin:/usr/local/bin:/usr/sbin:/usr/bin:/sbin:/bin:/usr/games:/usr/local/games:/usr/lib/wsl/lib:/mnt/c/WINDOWS/system32:/mnt/c/WINDOWS:/mnt/c/WINDOWS/System32/Wbem:/mnt/c/WINDOWS/System32/WindowsPowerShell/v1.0/:/mnt/c/WINDOWS/System32/OpenSSH/:/mnt/c/Program Files/NVIDIA Corporation/NVIDIA app/NvDLISR:/mnt/c/Program Files (x86)/NVIDIA Corporation/PhysX/Common:/mnt/c/Program Files/WireGuard/:/mnt/c/Program Files/Docker/Docker/resources/bin:/mnt/c/Program Files/Git/cmd:/mnt/c/Program Files (x86)/Touch Portal/plugins/adb/platform-tools:/mnt/c/Program Files/Tailscale/:/mnt/c/Users/danif/AppData/Local/Programs/Python/Python311/Scripts/:/mnt/c/Users/danif/AppData/Local/Programs/Python/Python311/:/mnt/c/Users/danif/AppData/Local/Programs/Python/Python313/Scripts/:/mnt/c/Users/danif/AppData/Local/Programs/Python/Python313/:/mnt/c/Users/danif/AppData/Local/Microsoft/WindowsApps:/mnt/c/Users/danif/.lmstudio/bin:/mnt/c/Users/danif/AppData/Local/Programs/Microsoft VS Code/bin:/mnt/c/Users/danif/Desktop/sqlite-tools-win-x64-3490100/sqlite3.exe:/mnt/c/Program Files/CodeBlocks/MinGW/bin:/snap/bin:/home/danijaime17/.local/bin', 'XDG_RUNTIME_DIR': '/run/user/1000/', 'DISPLAY': ':0', 'LANG': 'en_US.UTF-8', 'SHELL': '/bin/bash', 'PWD': '/home/danijaime17/ros2_ws/build/usb_camera_publisher', 'XDG_DATA_DIRS': '/usr/local/share:/usr/share:/var/lib/snapd/desktop', 'COLCON': '1', 'WSL2_GUI_APPS_ENABLED': '1', 'HOSTTYPE': 'x86_64', 'WSLENV': '', 'PYTHONPATH': '/home/danijaime17/ros2_ws/build/usb_camera_publisher/prefix_override:/usr/lib/python3/dist-packages/colcon_core/task/python/colcon_distutils_commands:/home/danijaime17/ros2_ws/install/usb_camera_publisher/lib/python3.10/site-packages:'}, 'shell': False}
[0.400475] (-) TimerEvent: {}
[0.412879] (usb_camera_publisher) StdoutLine: {'line': b'running egg_info\n'}
[0.413854] (usb_camera_publisher) StdoutLine: {'line': b'writing ../../build/usb_camera_publisher/usb_camera_publisher.egg-info/PKG-INFO\n'}
[0.414851] (usb_camera_publisher) StdoutLine: {'line': b'writing dependency_links to ../../build/usb_camera_publisher/usb_camera_publisher.egg-info/dependency_links.txt\n'}
[0.415482] (usb_camera_publisher) StdoutLine: {'line': b'writing entry points to ../../build/usb_camera_publisher/usb_camera_publisher.egg-info/entry_points.txt\n'}
[0.415562] (usb_camera_publisher) StdoutLine: {'line': b'writing requirements to ../../build/usb_camera_publisher/usb_camera_publisher.egg-info/requires.txt\n'}
[0.415597] (usb_camera_publisher) StdoutLine: {'line': b'writing top-level names to ../../build/usb_camera_publisher/usb_camera_publisher.egg-info/top_level.txt\n'}
[0.416244] (usb_camera_publisher) StdoutLine: {'line': b"reading manifest file '../../build/usb_camera_publisher/usb_camera_publisher.egg-info/SOURCES.txt'\n"}
[0.416998] (usb_camera_publisher) StdoutLine: {'line': b"writing manifest file '../../build/usb_camera_publisher/usb_camera_publisher.egg-info/SOURCES.txt'\n"}
[0.417084] (usb_camera_publisher) StdoutLine: {'line': b'running build\n'}
[0.417120] (usb_camera_publisher) StdoutLine: {'line': b'running build_py\n'}
[0.417600] (usb_camera_publisher) StdoutLine: {'line': b'running install\n'}
[0.417661] (usb_camera_publisher) StdoutLine: {'line': b'running install_lib\n'}
[0.418015] (usb_camera_publisher) StdoutLine: {'line': b'running install_egg_info\n'}
[0.419655] (usb_camera_publisher) StdoutLine: {'line': b"removing '/home/danijaime17/ros2_ws/install/usb_camera_publisher/lib/python3.10/site-packages/usb_camera_publisher-0.0.1-py3.10.egg-info' (and everything under it)\n"}
[0.420003] (usb_camera_publisher) StdoutLine: {'line': b'Copying ../../build/usb_camera_publisher/usb_camera_publisher.egg-info to /home/danijaime17/ros2_ws/install/usb_camera_publisher/lib/python3.10/site-packages/usb_camera_publisher-0.0.1-py3.10.egg-info\n'}
[0.420068] (usb_camera_publisher) StdoutLine: {'line': b'running install_scripts\n'}
[0.436829] (usb_camera_publisher) StdoutLine: {'line': b'Installing camera_front_node script to /home/danijaime17/ros2_ws/install/usb_camera_publisher/lib/usb_camera_publisher\n'}
[0.437043] (usb_camera_publisher) StdoutLine: {'line': b'Installing camera_rear_node script to /home/danijaime17/ros2_ws/install/usb_camera_publisher/lib/usb_camera_publisher\n'}
[0.437090] (usb_camera_publisher) StdoutLine: {'line': b'Installing detector_objetos script to /home/danijaime17/ros2_ws/install/usb_camera_publisher/lib/usb_camera_publisher\n'}
[0.437126] (usb_camera_publisher) StdoutLine: {'line': b'Installing record_node script to /home/danijaime17/ros2_ws/install/usb_camera_publisher/lib/usb_camera_publisher\n'}
[0.437156] (usb_camera_publisher) StdoutLine: {'line': b'Installing usb_camera_node script to /home/danijaime17/ros2_ws/install/usb_camera_publisher/lib/usb_camera_publisher\n'}
[0.437187] (usb_camera_publisher) StdoutLine: {'line': b"writing list of installed files to '/home/danijaime17/ros2_ws/build/usb_camera_publisher/install.log'\n"}
[0.448747] (usb_camera_publisher) CommandEnded: {'returncode': 0}
[0.455440] (usb_camera_publisher) JobEnded: {'identifier': 'usb_camera_publisher', 'rc': 0}
[0.456260] (-) EventReactorShutdown: {}
