running egg_info
creating ../../build/usb_camera_publisher/usb_camera_publisher.egg-info
writing ../../build/usb_camera_publisher/usb_camera_publisher.egg-info/PKG-INFO
writing dependency_links to ../../build/usb_camera_publisher/usb_camera_publisher.egg-info/dependency_links.txt
writing entry points to ../../build/usb_camera_publisher/usb_camera_publisher.egg-info/entry_points.txt
writing requirements to ../../build/usb_camera_publisher/usb_camera_publisher.egg-info/requires.txt
writing top-level names to ../../build/usb_camera_publisher/usb_camera_publisher.egg-info/top_level.txt
writing manifest file '../../build/usb_camera_publisher/usb_camera_publisher.egg-info/SOURCES.txt'
reading manifest file '../../build/usb_camera_publisher/usb_camera_publisher.egg-info/SOURCES.txt'
writing manifest file '../../build/usb_camera_publisher/usb_camera_publisher.egg-info/SOURCES.txt'
running build
running build_py
creating /home/lenovo/ros2_ws/build/usb_camera_publisher/build
creating /home/lenovo/ros2_ws/build/usb_camera_publisher/build/lib
creating /home/lenovo/ros2_ws/build/usb_camera_publisher/build/lib/usb_camera_publisher
copying usb_camera_publisher/__init__.py -> /home/lenovo/ros2_ws/build/usb_camera_publisher/build/lib/usb_camera_publisher
copying usb_camera_publisher/usb_camera_node.py -> /home/lenovo/ros2_ws/build/usb_camera_publisher/build/lib/usb_camera_publisher
running install
running install_lib
creating /home/lenovo/ros2_ws/install/usb_camera_publisher/lib/python3.10/site-packages/usb_camera_publisher
copying /home/lenovo/ros2_ws/build/usb_camera_publisher/build/lib/usb_camera_publisher/__init__.py -> /home/lenovo/ros2_ws/install/usb_camera_publisher/lib/python3.10/site-packages/usb_camera_publisher
copying /home/lenovo/ros2_ws/build/usb_camera_publisher/build/lib/usb_camera_publisher/usb_camera_node.py -> /home/lenovo/ros2_ws/install/usb_camera_publisher/lib/python3.10/site-packages/usb_camera_publisher
byte-compiling /home/lenovo/ros2_ws/install/usb_camera_publisher/lib/python3.10/site-packages/usb_camera_publisher/__init__.py to __init__.cpython-310.pyc
byte-compiling /home/lenovo/ros2_ws/install/usb_camera_publisher/lib/python3.10/site-packages/usb_camera_publisher/usb_camera_node.py to usb_camera_node.cpython-310.pyc
running install_egg_info
Copying ../../build/usb_camera_publisher/usb_camera_publisher.egg-info to /home/lenovo/ros2_ws/install/usb_camera_publisher/lib/python3.10/site-packages/usb_camera_publisher-0.0.1-py3.10.egg-info
running install_scripts
Installing usb_camera_node script to /home/lenovo/ros2_ws/install/usb_camera_publisher/lib/usb_camera_publisher
writing list of installed files to '/home/lenovo/ros2_ws/build/usb_camera_publisher/install.log'
