[0.370s] Invoking command in '/home/danijaime17/ros2_ws/src/usb_camera_publisher': PYTHONPATH=/home/danijaime17/ros2_ws/build/usb_camera_publisher/prefix_override:/usr/lib/python3/dist-packages/colcon_core/task/python/colcon_distutils_commands:/home/danijaime17/ros2_ws/install/usb_camera_publisher/lib/python3.10/site-packages:${PYTHONPATH} /usr/bin/python3 -W ignore:setup.py install is deprecated -W ignore:easy_install command is deprecated setup.py egg_info --egg-base ../../build/usb_camera_publisher build --build-base /home/danijaime17/ros2_ws/build/usb_camera_publisher/build install --record /home/danijaime17/ros2_ws/build/usb_camera_publisher/install.log --single-version-externally-managed
[0.504s] running egg_info
[0.505s] writing ../../build/usb_camera_publisher/usb_camera_publisher.egg-info/PKG-INFO
[0.505s] writing dependency_links to ../../build/usb_camera_publisher/usb_camera_publisher.egg-info/dependency_links.txt
[0.505s] writing entry points to ../../build/usb_camera_publisher/usb_camera_publisher.egg-info/entry_points.txt
[0.505s] writing requirements to ../../build/usb_camera_publisher/usb_camera_publisher.egg-info/requires.txt
[0.505s] writing top-level names to ../../build/usb_camera_publisher/usb_camera_publisher.egg-info/top_level.txt
[0.506s] reading manifest file '../../build/usb_camera_publisher/usb_camera_publisher.egg-info/SOURCES.txt'
[0.507s] writing manifest file '../../build/usb_camera_publisher/usb_camera_publisher.egg-info/SOURCES.txt'
[0.507s] running build
[0.507s] running build_py
[0.507s] copying usb_camera_publisher/record_node.py -> /home/danijaime17/ros2_ws/build/usb_camera_publisher/build/lib/usb_camera_publisher
[0.507s] running install
[0.507s] running install_lib
[0.508s] copying /home/danijaime17/ros2_ws/build/usb_camera_publisher/build/lib/usb_camera_publisher/record_node.py -> /home/danijaime17/ros2_ws/install/usb_camera_publisher/lib/python3.10/site-packages/usb_camera_publisher
[0.508s] byte-compiling /home/danijaime17/ros2_ws/install/usb_camera_publisher/lib/python3.10/site-packages/usb_camera_publisher/record_node.py to record_node.cpython-310.pyc
[0.509s] running install_egg_info
[0.511s] removing '/home/danijaime17/ros2_ws/install/usb_camera_publisher/lib/python3.10/site-packages/usb_camera_publisher-0.0.1-py3.10.egg-info' (and everything under it)
[0.512s] Copying ../../build/usb_camera_publisher/usb_camera_publisher.egg-info to /home/danijaime17/ros2_ws/install/usb_camera_publisher/lib/python3.10/site-packages/usb_camera_publisher-0.0.1-py3.10.egg-info
[0.512s] running install_scripts
[0.526s] Installing camera_front_node script to /home/danijaime17/ros2_ws/install/usb_camera_publisher/lib/usb_camera_publisher
[0.526s] Installing camera_rear_node script to /home/danijaime17/ros2_ws/install/usb_camera_publisher/lib/usb_camera_publisher
[0.526s] Installing detector_objetos script to /home/danijaime17/ros2_ws/install/usb_camera_publisher/lib/usb_camera_publisher
[0.526s] Installing record_node script to /home/danijaime17/ros2_ws/install/usb_camera_publisher/lib/usb_camera_publisher
[0.526s] Installing usb_camera_node script to /home/danijaime17/ros2_ws/install/usb_camera_publisher/lib/usb_camera_publisher
[0.527s] writing list of installed files to '/home/danijaime17/ros2_ws/build/usb_camera_publisher/install.log'
[0.543s] Invoked command in '/home/danijaime17/ros2_ws/src/usb_camera_publisher' returned '0': PYTHONPATH=/home/danijaime17/ros2_ws/build/usb_camera_publisher/prefix_override:/usr/lib/python3/dist-packages/colcon_core/task/python/colcon_distutils_commands:/home/danijaime17/ros2_ws/install/usb_camera_publisher/lib/python3.10/site-packages:${PYTHONPATH} /usr/bin/python3 -W ignore:setup.py install is deprecated -W ignore:easy_install command is deprecated setup.py egg_info --egg-base ../../build/usb_camera_publisher build --build-base /home/danijaime17/ros2_ws/build/usb_camera_publisher/build install --record /home/danijaime17/ros2_ws/build/usb_camera_publisher/install.log --single-version-externally-managed
