[1.399s] Invoking command in '/home/lenovo/ros2_ws/src/usb_camera_publisher': PYTHONPATH=/home/lenovo/ros2_ws/build/usb_camera_publisher/prefix_override:/usr/lib/python3/dist-packages/colcon_core/task/python/colcon_distutils_commands:/home/lenovo/ros2_ws/install/usb_camera_publisher/lib/python3.10/site-packages: /usr/bin/python3 -W ignore:setup.py install is deprecated -W ignore:easy_install command is deprecated setup.py egg_info --egg-base ../../build/usb_camera_publisher build --build-base /home/lenovo/ros2_ws/build/usb_camera_publisher/build install --record /home/lenovo/ros2_ws/build/usb_camera_publisher/install.log --single-version-externally-managed
[1.775s] running egg_info
[1.776s] writing ../../build/usb_camera_publisher/usb_camera_publisher.egg-info/PKG-INFO
[1.776s] writing dependency_links to ../../build/usb_camera_publisher/usb_camera_publisher.egg-info/dependency_links.txt
[1.777s] writing entry points to ../../build/usb_camera_publisher/usb_camera_publisher.egg-info/entry_points.txt
[1.777s] writing requirements to ../../build/usb_camera_publisher/usb_camera_publisher.egg-info/requires.txt
[1.777s] writing top-level names to ../../build/usb_camera_publisher/usb_camera_publisher.egg-info/top_level.txt
[1.780s] reading manifest file '../../build/usb_camera_publisher/usb_camera_publisher.egg-info/SOURCES.txt'
[1.781s] writing manifest file '../../build/usb_camera_publisher/usb_camera_publisher.egg-info/SOURCES.txt'
[1.782s] running build
[1.782s] running build_py
[1.782s] copying usb_camera_publisher/detector_objetos.py -> /home/lenovo/ros2_ws/build/usb_camera_publisher/build/lib/usb_camera_publisher
[1.783s] running install
[1.783s] running install_lib
[1.785s] copying /home/lenovo/ros2_ws/build/usb_camera_publisher/build/lib/usb_camera_publisher/detector_objetos.py -> /home/lenovo/ros2_ws/install/usb_camera_publisher/lib/python3.10/site-packages/usb_camera_publisher
[1.786s] byte-compiling /home/lenovo/ros2_ws/install/usb_camera_publisher/lib/python3.10/site-packages/usb_camera_publisher/detector_objetos.py to detector_objetos.cpython-310.pyc
[1.788s] running install_egg_info
[1.792s] removing '/home/lenovo/ros2_ws/install/usb_camera_publisher/lib/python3.10/site-packages/usb_camera_publisher-0.0.1-py3.10.egg-info' (and everything under it)
[1.793s] Copying ../../build/usb_camera_publisher/usb_camera_publisher.egg-info to /home/lenovo/ros2_ws/install/usb_camera_publisher/lib/python3.10/site-packages/usb_camera_publisher-0.0.1-py3.10.egg-info
[1.794s] running install_scripts
[1.822s] Installing camera_front_node script to /home/lenovo/ros2_ws/install/usb_camera_publisher/lib/usb_camera_publisher
[1.822s] Installing camera_rear_node script to /home/lenovo/ros2_ws/install/usb_camera_publisher/lib/usb_camera_publisher
[1.822s] Installing detector_objetos script to /home/lenovo/ros2_ws/install/usb_camera_publisher/lib/usb_camera_publisher
[1.822s] Installing usb_camera_node script to /home/lenovo/ros2_ws/install/usb_camera_publisher/lib/usb_camera_publisher
[1.823s] writing list of installed files to '/home/lenovo/ros2_ws/build/usb_camera_publisher/install.log'
[1.873s] Invoked command in '/home/lenovo/ros2_ws/src/usb_camera_publisher' returned '0': PYTHONPATH=/home/lenovo/ros2_ws/build/usb_camera_publisher/prefix_override:/usr/lib/python3/dist-packages/colcon_core/task/python/colcon_distutils_commands:/home/lenovo/ros2_ws/install/usb_camera_publisher/lib/python3.10/site-packages: /usr/bin/python3 -W ignore:setup.py install is deprecated -W ignore:easy_install command is deprecated setup.py egg_info --egg-base ../../build/usb_camera_publisher build --build-base /home/lenovo/ros2_ws/build/usb_camera_publisher/build install --record /home/lenovo/ros2_ws/build/usb_camera_publisher/install.log --single-version-externally-managed
